<?xml version="1.0" encoding="UTF-8"?>
<testng-results ignored="0" total="1" passed="1" failed="0" skipped="0">
  <reporter-output>
  </reporter-output>
  <suite started-at="2022-11-27T15:51:39 IST" name="Default Suite" finished-at="2022-11-27T15:51:41 IST" duration-ms="2272">
    <groups>
    </groups>
    <test started-at="2022-11-27T15:51:39 IST" name="RestAssuredFramework" finished-at="2022-11-27T15:51:41 IST" duration-ms="2272">
      <class name="APITest.GetApiTest">
        <test-method signature="test1()[pri:0, instance:APITest.GetApiTest@5aebe890]" started-at="2022-11-27T15:51:39 IST" name="test1" finished-at="2022-11-27T15:51:41 IST" duration-ms="2229" status="PASS">
          <reporter-output>
          </reporter-output>
        </test-method> <!-- test1 -->
      </class> <!-- APITest.GetApiTest -->
    </test> <!-- RestAssuredFramework -->
  </suite> <!-- Default Suite -->
</testng-results>
